22:26:40:103 [05940] | INFO  | Initializing crosire's ReShade version '5.2.2.3' (64-bit) loaded from "F:\GitHub\OpenRA-OW\OpenRA-OW\bin\OPENGL32.DLL" into "F:\GitHub\OpenRA-OW\OpenRA-OW\bin\OpenRA.exe" ...
22:26:40:104 [05940] | INFO  | Registering hooks for "user32.dll" ...
22:26:40:104 [05940] | INFO  | > Libraries loaded.
22:26:40:105 [05940] | INFO  | > Found 14 match(es). Installing ...
22:26:40:127 [05940] | INFO  | Registering hooks for "C:\WINDOWS\system32\opengl32.dll" ...
22:26:40:127 [05940] | INFO  | > Delayed until first call to an exported function.
22:26:40:127 [05940] | INFO  | Registering hooks for "vrclient_x64.dll" ...
22:26:40:127 [05940] | INFO  | > Delayed.
22:26:40:127 [05940] | INFO  | Registering hooks for "C:\WINDOWS\system32\dinput.dll" ...
22:26:40:128 [05940] | INFO  | > Delayed.
22:26:40:128 [05940] | INFO  | Initialized.
22:26:40:130 [05940] | INFO  | Redirecting wglChoosePixelFormat(hdc = 00000000680117E1, ppfd = 0000008A6B18D8D0) ...
22:26:40:130 [05940] | INFO  | > Dumping pixel format descriptor:
22:26:40:130 [05940] | INFO  |   +-----------------------------------------+-----------------------------------------+
22:26:40:130 [05940] | INFO  |   | Name                                    | Value                                   |
22:26:40:130 [05940] | INFO  |   +-----------------------------------------+-----------------------------------------+
22:26:40:130 [05940] | INFO  |   | Flags                                   | 0x25                                    |
22:26:40:130 [05940] | INFO  |   | ColorBits                               | 24                                      |
22:26:40:130 [05940] | INFO  |   | DepthBits                               | 16                                      |
22:26:40:131 [05940] | INFO  |   | StencilBits                             | 0                                       |
22:26:40:131 [05940] | INFO  |   +-----------------------------------------+-----------------------------------------+
22:26:40:131 [05940] | WARN  | Ignoring LoadLibrary("C:\WINDOWS\SYSTEM32\GLU32.dll") call to avoid possible deadlock.
22:26:40:132 [05940] | WARN  | Ignoring LoadLibrary("C:\WINDOWS\SYSTEM32\dxcore.dll") call to avoid possible deadlock.
22:26:40:132 [05940] | INFO  | Installing export hooks for "C:\WINDOWS\system32\opengl32.dll" ...
22:26:40:132 [05940] | INFO  | > Found 360 match(es). Installing ...
22:26:40:177 [05940] | INFO  | > Returning pixel format: 20
22:26:40:177 [05940] | INFO  | Redirecting wglSetPixelFormat(hdc = 00000000680117E1, iPixelFormat = 20, ppfd = 0000008A6B18D8D0) ...
22:26:40:177 [05940] | INFO  | Redirecting wglCreateContext(hdc = 00000000680117E1) ...
22:26:40:177 [05940] | INFO  | > Passing on to wglCreateLayerContext:
22:26:40:177 [05940] | INFO  | Redirecting wglCreateLayerContext(hdc = 00000000680117E1, iLayerPlane = 0) ...
22:26:40:256 [05940] | INFO  | Searching for add-ons (*.addon) in "F:\GitHub\OpenRA-OW\OpenRA-OW\bin" ...
22:26:40:442 [05940] | INFO  | Running on AMD Radeon RX 6800 XT using OpenGL 4.6.0 Compatibility Profile Context 24.10.1.241007
22:26:40:444 [05940] | INFO  | Redirecting wglDeleteContext(hglrc = 0000000000010000) ...
22:26:40:519 [05940] | INFO  | Redirecting RegisterClassExW(lpWndClassEx = 0000008A6B18DA20 { "SDL_app", style = 0x1020 }) ...
22:26:40:522 [05940] | INFO  | Redirecting wglChoosePixelFormat(hdc = FFFFFFFFF6011AB1, ppfd = 0000008A6B18D8D0) ...
22:26:40:522 [05940] | INFO  | > Dumping pixel format descriptor:
22:26:40:522 [05940] | INFO  |   +-----------------------------------------+-----------------------------------------+
22:26:40:522 [05940] | INFO  |   | Name                                    | Value                                   |
22:26:40:522 [05940] | INFO  |   +-----------------------------------------+-----------------------------------------+
22:26:40:523 [05940] | INFO  |   | Flags                                   | 0x25                                    |
22:26:40:523 [05940] | INFO  |   | ColorBits                               | 24                                      |
22:26:40:523 [05940] | INFO  |   | DepthBits                               | 16                                      |
22:26:40:523 [05940] | INFO  |   | StencilBits                             | 0                                       |
22:26:40:523 [05940] | INFO  |   +-----------------------------------------+-----------------------------------------+
22:26:40:524 [05940] | INFO  | > Returning pixel format: 20
22:26:40:524 [05940] | INFO  | Redirecting wglSetPixelFormat(hdc = FFFFFFFFF6011AB1, iPixelFormat = 20, ppfd = 0000008A6B18D8D0) ...
22:26:40:524 [05940] | INFO  | Redirecting wglCreateContext(hdc = FFFFFFFFF6011AB1) ...
22:26:40:524 [05940] | INFO  | > Passing on to wglCreateLayerContext:
22:26:40:524 [05940] | INFO  | Redirecting wglCreateLayerContext(hdc = FFFFFFFFF6011AB1, iLayerPlane = 0) ...
22:26:40:566 [05940] | INFO  | Searching for add-ons (*.addon) in "F:\GitHub\OpenRA-OW\OpenRA-OW\bin" ...
22:26:40:755 [05940] | INFO  | Running on AMD Radeon RX 6800 XT using OpenGL 4.6.0 Compatibility Profile Context 24.10.1.241007
22:26:40:757 [05940] | INFO  | Redirecting wglDeleteContext(hglrc = 0000000000020000) ...
22:26:40:767 [05940] | INFO  | Redirecting wglChoosePixelFormat(hdc = FFFFFFFFE3011BDD, ppfd = 0000008A6B18D6F8) ...
22:26:40:767 [05940] | INFO  | > Dumping pixel format descriptor:
22:26:40:767 [05940] | INFO  |   +-----------------------------------------+-----------------------------------------+
22:26:40:767 [05940] | INFO  |   | Name                                    | Value                                   |
22:26:40:767 [05940] | INFO  |   +-----------------------------------------+-----------------------------------------+
22:26:40:767 [05940] | INFO  |   | Flags                                   | 0x25                                    |
22:26:40:768 [05940] | INFO  |   | ColorBits                               | 24                                      |
22:26:40:768 [05940] | INFO  |   | DepthBits                               | 16                                      |
22:26:40:768 [05940] | INFO  |   | StencilBits                             | 0                                       |
22:26:40:768 [05940] | INFO  |   +-----------------------------------------+-----------------------------------------+
22:26:40:768 [05940] | INFO  | > Returning pixel format: 20
22:26:40:768 [05940] | INFO  | Redirecting wglSetPixelFormat(hdc = FFFFFFFFE3011BDD, iPixelFormat = 20, ppfd = 0000008A6B18D6F8) ...
22:26:40:769 [05940] | INFO  | Redirecting wglCreateContext(hdc = FFFFFFFFE3011BDD) ...
22:26:40:769 [05940] | INFO  | > Passing on to wglCreateLayerContext:
22:26:40:769 [05940] | INFO  | Redirecting wglCreateLayerContext(hdc = FFFFFFFFE3011BDD, iLayerPlane = 0) ...
22:26:40:808 [05940] | INFO  | Searching for add-ons (*.addon) in "F:\GitHub\OpenRA-OW\OpenRA-OW\bin" ...
22:26:40:945 [05940] | INFO  | Running on AMD Radeon RX 6800 XT using OpenGL 4.6.0 Compatibility Profile Context 24.10.1.241007
22:26:40:947 [05940] | INFO  | Redirecting wglChoosePixelFormatARB(hdc = FFFFFFFFE3011BDD, piAttribIList = 0000008A6B18D7A0, pfAttribFList = 0000008A6B18D8B0, nMaxFormats = 1, piFormats = 0000008A6B18D750, nNumFormats = 0000008A6B18D6F4) ...
22:26:40:947 [05940] | INFO  | > Dumping attributes:
22:26:40:947 [05940] | INFO  |   +-----------------------------------------+-----------------------------------------+
22:26:40:948 [05940] | INFO  |   | Attribute                               | Value                                   |
22:26:40:948 [05940] | INFO  |   +-----------------------------------------+-----------------------------------------+
22:26:40:948 [05940] | INFO  |   | WGL_DRAW_TO_WINDOW_ARB                  | TRUE                                    |
22:26:40:948 [05940] | INFO  |   | WGL_RED_BITS_ARB                        | 8                                       |
22:26:40:948 [05940] | INFO  |   | WGL_GREEN_BITS_ARB                      | 8                                       |
22:26:40:948 [05940] | INFO  |   | WGL_BLUE_BITS_ARB                       | 8                                       |
22:26:40:948 [05940] | INFO  |   | WGL_DOUBLE_BUFFER_ARB                   | TRUE                                    |
22:26:40:948 [05940] | INFO  |   | WGL_DEPTH_BITS_ARB                      | 16                                      |
22:26:40:949 [05940] | INFO  |   | WGL_ACCELERATION_ARB                    | 0x2027                                  |
22:26:40:949 [05940] | INFO  |   +-----------------------------------------+-----------------------------------------+
22:26:40:949 [05940] | INFO  | > Returning pixel format(s): 20
22:26:40:949 [05940] | INFO  | Redirecting wglDeleteContext(hglrc = 0000000000030000) ...
22:26:40:955 [05940] | INFO  | Redirecting wglSetPixelFormat(hdc = 0000000035011AB1, iPixelFormat = 20, ppfd = 0000008A6B18D770) ...
22:26:40:956 [05940] | INFO  | Redirecting wglCreateContext(hdc = 0000000035011AB1) ...
22:26:40:956 [05940] | INFO  | > Passing on to wglCreateLayerContext:
22:26:40:956 [05940] | INFO  | Redirecting wglCreateLayerContext(hdc = 0000000035011AB1, iLayerPlane = 0) ...
22:26:41:086 [05940] | INFO  | Searching for add-ons (*.addon) in "F:\GitHub\OpenRA-OW\OpenRA-OW\bin" ...
22:26:41:210 [05940] | INFO  | Running on AMD Radeon RX 6800 XT using OpenGL 4.6.0 Compatibility Profile Context 24.10.1.241007
22:26:41:215 [05940] | INFO  | Redirecting wglCreateContextAttribsARB(hdc = 0000000035011AB1, hShareContext = 0000000000000000, piAttribList = 0000008A6B18DB00) ...
22:26:41:215 [05940] | INFO  | > Requesting core OpenGL context for version 3.2 ...
22:26:41:215 [05940] | INFO  | > Replacing requested version with 4.3 ...
22:26:41:216 [05940] | INFO  | Redirecting wglCreateLayerContext(hdc = 0000000035011AB1, iLayerPlane = 0) ...
22:26:41:241 [05940] | INFO  | Redirecting wglDeleteContext(hglrc = 0000000000040000) ...
22:26:41:262 [05940] | INFO  | Searching for add-ons (*.addon) in "F:\GitHub\OpenRA-OW\OpenRA-OW\bin" ...
22:26:41:384 [05940] | INFO  | Running on AMD Radeon RX 6800 XT using OpenGL 4.6.0 Compatibility Profile Context 24.10.1.241007
22:26:41:390 [05940] | INFO  | Redirecting wglDeleteContext(hglrc = 0000000000010001) ...
22:26:41:418 [05940] | INFO  | Redirecting RegisterClassExW(lpWndClassEx = 0000008A6B18DA20 { "SDL_app", style = 0x1020 }) ...
22:26:41:424 [05940] | INFO  | Redirecting wglChoosePixelFormat(hdc = 0000000078011AB1, ppfd = 0000008A6B18D8D0) ...
22:26:41:424 [05940] | INFO  | > Dumping pixel format descriptor:
22:26:41:425 [05940] | INFO  |   +-----------------------------------------+-----------------------------------------+
22:26:41:425 [05940] | INFO  |   | Name                                    | Value                                   |
22:26:41:425 [05940] | INFO  |   +-----------------------------------------+-----------------------------------------+
22:26:41:425 [05940] | INFO  |   | Flags                                   | 0x25                                    |
22:26:41:425 [05940] | INFO  |   | ColorBits                               | 24                                      |
22:26:41:425 [05940] | INFO  |   | DepthBits                               | 16                                      |
22:26:41:425 [05940] | INFO  |   | StencilBits                             | 0                                       |
22:26:41:426 [05940] | INFO  |   +-----------------------------------------+-----------------------------------------+
22:26:41:427 [05940] | INFO  | > Returning pixel format: 20
22:26:41:427 [05940] | INFO  | Redirecting wglSetPixelFormat(hdc = 0000000078011AB1, iPixelFormat = 20, ppfd = 0000008A6B18D8D0) ...
22:26:41:427 [05940] | INFO  | Redirecting wglCreateContext(hdc = 0000000078011AB1) ...
22:26:41:427 [05940] | INFO  | > Passing on to wglCreateLayerContext:
22:26:41:428 [05940] | INFO  | Redirecting wglCreateLayerContext(hdc = 0000000078011AB1, iLayerPlane = 0) ...
22:26:41:466 [05940] | INFO  | Searching for add-ons (*.addon) in "F:\GitHub\OpenRA-OW\OpenRA-OW\bin" ...
22:26:41:607 [05940] | INFO  | Running on AMD Radeon RX 6800 XT using OpenGL 4.6.0 Compatibility Profile Context 24.10.1.241007
22:26:41:609 [05940] | INFO  | Redirecting wglDeleteContext(hglrc = 0000000000020001) ...
22:26:41:620 [05940] | INFO  | Redirecting wglChoosePixelFormat(hdc = 000000004B01175C, ppfd = 0000008A6B18D6F8) ...
22:26:41:620 [05940] | INFO  | > Dumping pixel format descriptor:
22:26:41:620 [05940] | INFO  |   +-----------------------------------------+-----------------------------------------+
22:26:41:620 [05940] | INFO  |   | Name                                    | Value                                   |
22:26:41:620 [05940] | INFO  |   +-----------------------------------------+-----------------------------------------+
22:26:41:621 [05940] | INFO  |   | Flags                                   | 0x25                                    |
22:26:41:621 [05940] | INFO  |   | ColorBits                               | 24                                      |
22:26:41:621 [05940] | INFO  |   | DepthBits                               | 16                                      |
22:26:41:621 [05940] | INFO  |   | StencilBits                             | 0                                       |
22:26:41:621 [05940] | INFO  |   +-----------------------------------------+-----------------------------------------+
22:26:41:621 [05940] | INFO  | > Returning pixel format: 20
22:26:41:622 [05940] | INFO  | Redirecting wglSetPixelFormat(hdc = 000000004B01175C, iPixelFormat = 20, ppfd = 0000008A6B18D6F8) ...
22:26:41:622 [05940] | INFO  | Redirecting wglCreateContext(hdc = 000000004B01175C) ...
22:26:41:622 [05940] | INFO  | > Passing on to wglCreateLayerContext:
22:26:41:622 [05940] | INFO  | Redirecting wglCreateLayerContext(hdc = 000000004B01175C, iLayerPlane = 0) ...
22:26:41:659 [05940] | INFO  | Searching for add-ons (*.addon) in "F:\GitHub\OpenRA-OW\OpenRA-OW\bin" ...
22:26:41:801 [05940] | INFO  | Running on AMD Radeon RX 6800 XT using OpenGL 4.6.0 Compatibility Profile Context 24.10.1.241007
22:26:41:803 [05940] | INFO  | Redirecting wglChoosePixelFormatARB(hdc = 000000004B01175C, piAttribIList = 0000008A6B18D7A0, pfAttribFList = 0000008A6B18D8B0, nMaxFormats = 1, piFormats = 0000008A6B18D750, nNumFormats = 0000008A6B18D6F4) ...
22:26:41:804 [05940] | INFO  | > Dumping attributes:
22:26:41:804 [05940] | INFO  |   +-----------------------------------------+-----------------------------------------+
22:26:41:804 [05940] | INFO  |   | Attribute                               | Value                                   |
22:26:41:804 [05940] | INFO  |   +-----------------------------------------+-----------------------------------------+
22:26:41:804 [05940] | INFO  |   | WGL_DRAW_TO_WINDOW_ARB                  | TRUE                                    |
22:26:41:804 [05940] | INFO  |   | WGL_RED_BITS_ARB                        | 8                                       |
22:26:41:804 [05940] | INFO  |   | WGL_GREEN_BITS_ARB                      | 8                                       |
22:26:41:804 [05940] | INFO  |   | WGL_BLUE_BITS_ARB                       | 8                                       |
22:26:41:804 [05940] | INFO  |   | WGL_DOUBLE_BUFFER_ARB                   | TRUE                                    |
22:26:41:804 [05940] | INFO  |   | WGL_DEPTH_BITS_ARB                      | 16                                      |
22:26:41:804 [05940] | INFO  |   | WGL_ACCELERATION_ARB                    | 0x2027                                  |
22:26:41:805 [05940] | INFO  |   +-----------------------------------------+-----------------------------------------+
22:26:41:805 [05940] | INFO  | > Returning pixel format(s): 20
22:26:41:805 [05940] | INFO  | Redirecting wglDeleteContext(hglrc = 0000000000030001) ...
22:26:41:811 [05940] | INFO  | Redirecting wglSetPixelFormat(hdc = FFFFFFFFB7011AB1, iPixelFormat = 20, ppfd = 0000008A6B18D770) ...
22:26:41:811 [05940] | INFO  | Redirecting wglCreateContext(hdc = FFFFFFFFB7011AB1) ...
22:26:41:811 [05940] | INFO  | > Passing on to wglCreateLayerContext:
22:26:41:812 [05940] | INFO  | Redirecting wglCreateLayerContext(hdc = FFFFFFFFB7011AB1, iLayerPlane = 0) ...
22:26:41:848 [05940] | INFO  | Searching for add-ons (*.addon) in "F:\GitHub\OpenRA-OW\OpenRA-OW\bin" ...
22:26:41:983 [05940] | INFO  | Running on AMD Radeon RX 6800 XT using OpenGL 4.6.0 Compatibility Profile Context 24.10.1.241007
22:26:41:985 [05940] | INFO  | Redirecting wglCreateContextAttribsARB(hdc = FFFFFFFFB7011AB1, hShareContext = 0000000000000000, piAttribList = 0000008A6B18DB00) ...
22:26:41:986 [05940] | INFO  | > Requesting compatibility OpenGL context for version 3.0 ...
22:26:41:986 [05940] | INFO  | > Replacing requested version with 4.3 ...
22:26:41:986 [05940] | INFO  | Redirecting wglCreateLayerContext(hdc = FFFFFFFFB7011AB1, iLayerPlane = 0) ...
22:26:41:991 [05940] | INFO  | Redirecting wglDeleteContext(hglrc = 0000000000040001) ...
22:26:41:997 [05940] | INFO  | Searching for add-ons (*.addon) in "F:\GitHub\OpenRA-OW\OpenRA-OW\bin" ...
22:26:42:126 [05940] | INFO  | Running on AMD Radeon RX 6800 XT using OpenGL 4.6.0 Compatibility Profile Context 24.10.1.241007
22:26:42:128 [05940] | INFO  | Redirecting wglDeleteContext(hglrc = 0000000000050000) ...
22:26:42:136 [05940] | INFO  | Redirecting RegisterClassExW(lpWndClassEx = 0000008A6B18DBB0 { "SDL_app", style = 0x1020 }) ...
22:26:42:139 [05940] | INFO  | Redirecting wglChoosePixelFormat(hdc = FFFFFFFFFB011AB1, ppfd = 0000008A6B18DB10) ...
22:26:42:139 [05940] | INFO  | > Dumping pixel format descriptor:
22:26:42:139 [05940] | INFO  |   +-----------------------------------------+-----------------------------------------+
22:26:42:139 [05940] | INFO  |   | Name                                    | Value                                   |
22:26:42:139 [05940] | INFO  |   +-----------------------------------------+-----------------------------------------+
22:26:42:139 [05940] | INFO  |   | Flags                                   | 0x25                                    |
22:26:42:139 [05940] | INFO  |   | ColorBits                               | 24                                      |
22:26:42:140 [05940] | INFO  |   | DepthBits                               | 16                                      |
22:26:42:140 [05940] | INFO  |   | StencilBits                             | 0                                       |
22:26:42:140 [05940] | INFO  |   +-----------------------------------------+-----------------------------------------+
22:26:42:140 [05940] | INFO  | > Returning pixel format: 20
22:26:42:140 [05940] | INFO  | Redirecting wglSetPixelFormat(hdc = FFFFFFFFFB011AB1, iPixelFormat = 20, ppfd = 0000008A6B18DB10) ...
22:26:42:140 [05940] | INFO  | Redirecting wglCreateContext(hdc = FFFFFFFFFB011AB1) ...
22:26:42:141 [05940] | INFO  | > Passing on to wglCreateLayerContext:
22:26:42:141 [05940] | INFO  | Redirecting wglCreateLayerContext(hdc = FFFFFFFFFB011AB1, iLayerPlane = 0) ...
22:26:42:178 [05940] | INFO  | Searching for add-ons (*.addon) in "F:\GitHub\OpenRA-OW\OpenRA-OW\bin" ...
22:26:42:325 [05940] | INFO  | Running on AMD Radeon RX 6800 XT using OpenGL 4.6.0 Compatibility Profile Context 24.10.1.241007
22:26:42:327 [05940] | INFO  | Redirecting wglDeleteContext(hglrc = 0000000000060000) ...
