21:00:21:338 [07564] | INFO  | Initializing crosire's ReShade version '5.2.2.3' (64-bit) loaded from "F:\GitHub\OpenRA-OW\OpenRA-OW\bin\OPENGL32.DLL" into "F:\GitHub\OpenRA-OW\OpenRA-OW\bin\OpenRA.exe" ...
21:00:21:339 [07564] | INFO  | Registering hooks for "user32.dll" ...
21:00:21:340 [07564] | INFO  | > Libraries loaded.
21:00:21:341 [07564] | INFO  | > Found 14 match(es). Installing ...
21:00:21:372 [07564] | INFO  | Registering hooks for "C:\WINDOWS\system32\opengl32.dll" ...
21:00:21:373 [07564] | INFO  | > Delayed until first call to an exported function.
21:00:21:374 [07564] | INFO  | Registering hooks for "vrclient_x64.dll" ...
21:00:21:375 [07564] | INFO  | > Delayed.
21:00:21:376 [07564] | INFO  | Registering hooks for "C:\WINDOWS\system32\dinput.dll" ...
21:00:21:376 [07564] | INFO  | > Delayed.
21:00:21:376 [07564] | INFO  | Initialized.
21:00:21:379 [07564] | INFO  | Redirecting wglChoosePixelFormat(hdc = 0000000072013933, ppfd = 0000008CD71FDB60) ...
21:00:21:380 [07564] | INFO  | > Dumping pixel format descriptor:
21:00:21:380 [07564] | INFO  |   +-----------------------------------------+-----------------------------------------+
21:00:21:380 [07564] | INFO  |   | Name                                    | Value                                   |
21:00:21:380 [07564] | INFO  |   +-----------------------------------------+-----------------------------------------+
21:00:21:380 [07564] | INFO  |   | Flags                                   | 0x25                                    |
21:00:21:380 [07564] | INFO  |   | ColorBits                               | 24                                      |
21:00:21:380 [07564] | INFO  |   | DepthBits                               | 16                                      |
21:00:21:380 [07564] | INFO  |   | StencilBits                             | 0                                       |
21:00:21:381 [07564] | INFO  |   +-----------------------------------------+-----------------------------------------+
21:00:21:382 [07564] | WARN  | Ignoring LoadLibrary("C:\WINDOWS\SYSTEM32\GLU32.dll") call to avoid possible deadlock.
21:00:21:382 [07564] | WARN  | Ignoring LoadLibrary("C:\WINDOWS\SYSTEM32\dxcore.dll") call to avoid possible deadlock.
21:00:21:382 [07564] | INFO  | Installing export hooks for "C:\WINDOWS\system32\opengl32.dll" ...
21:00:21:382 [07564] | INFO  | > Found 360 match(es). Installing ...
21:00:21:436 [07564] | INFO  | > Returning pixel format: 20
21:00:21:436 [07564] | INFO  | Redirecting wglSetPixelFormat(hdc = 0000000072013933, iPixelFormat = 20, ppfd = 0000008CD71FDB60) ...
21:00:21:436 [07564] | INFO  | Redirecting wglCreateContext(hdc = 0000000072013933) ...
21:00:21:436 [07564] | INFO  | > Passing on to wglCreateLayerContext:
21:00:21:436 [07564] | INFO  | Redirecting wglCreateLayerContext(hdc = 0000000072013933, iLayerPlane = 0) ...
21:00:21:532 [07564] | INFO  | Searching for add-ons (*.addon) in "F:\GitHub\OpenRA-OW\OpenRA-OW\bin" ...
21:00:21:616 [07564] | INFO  | Running on AMD Radeon RX 6800 XT using OpenGL 4.6.0 Compatibility Profile Context 24.10.1.241007
21:00:21:619 [07564] | INFO  | Redirecting wglDeleteContext(hglrc = 0000000000010000) ...
21:00:21:680 [07564] | INFO  | Redirecting RegisterClassExW(lpWndClassEx = 0000008CD71FDCB0 { "SDL_app", style = 0x1020 }) ...
21:00:21:684 [07564] | INFO  | Redirecting wglChoosePixelFormat(hdc = 0000000007013933, ppfd = 0000008CD71FDB60) ...
21:00:21:684 [07564] | INFO  | > Dumping pixel format descriptor:
21:00:21:684 [07564] | INFO  |   +-----------------------------------------+-----------------------------------------+
21:00:21:684 [07564] | INFO  |   | Name                                    | Value                                   |
21:00:21:684 [07564] | INFO  |   +-----------------------------------------+-----------------------------------------+
21:00:21:685 [07564] | INFO  |   | Flags                                   | 0x25                                    |
21:00:21:685 [07564] | INFO  |   | ColorBits                               | 24                                      |
21:00:21:685 [07564] | INFO  |   | DepthBits                               | 16                                      |
21:00:21:685 [07564] | INFO  |   | StencilBits                             | 0                                       |
21:00:21:685 [07564] | INFO  |   +-----------------------------------------+-----------------------------------------+
21:00:21:685 [07564] | INFO  | > Returning pixel format: 20
21:00:21:686 [07564] | INFO  | Redirecting wglSetPixelFormat(hdc = 0000000007013933, iPixelFormat = 20, ppfd = 0000008CD71FDB60) ...
21:00:21:686 [07564] | INFO  | Redirecting wglCreateContext(hdc = 0000000007013933) ...
21:00:21:686 [07564] | INFO  | > Passing on to wglCreateLayerContext:
21:00:21:686 [07564] | INFO  | Redirecting wglCreateLayerContext(hdc = 0000000007013933, iLayerPlane = 0) ...
21:00:21:728 [07564] | INFO  | Searching for add-ons (*.addon) in "F:\GitHub\OpenRA-OW\OpenRA-OW\bin" ...
21:00:21:781 [07564] | INFO  | Running on AMD Radeon RX 6800 XT using OpenGL 4.6.0 Compatibility Profile Context 24.10.1.241007
21:00:21:784 [07564] | INFO  | Redirecting wglDeleteContext(hglrc = 0000000000020000) ...
21:00:21:800 [07564] | INFO  | Redirecting wglChoosePixelFormat(hdc = FFFFFFFFCF011DEB, ppfd = 0000008CD71FD988) ...
21:00:21:800 [07564] | INFO  | > Dumping pixel format descriptor:
21:00:21:800 [07564] | INFO  |   +-----------------------------------------+-----------------------------------------+
21:00:21:800 [07564] | INFO  |   | Name                                    | Value                                   |
21:00:21:800 [07564] | INFO  |   +-----------------------------------------+-----------------------------------------+
21:00:21:800 [07564] | INFO  |   | Flags                                   | 0x25                                    |
21:00:21:800 [07564] | INFO  |   | ColorBits                               | 24                                      |
21:00:21:801 [07564] | INFO  |   | DepthBits                               | 16                                      |
21:00:21:801 [07564] | INFO  |   | StencilBits                             | 0                                       |
21:00:21:801 [07564] | INFO  |   +-----------------------------------------+-----------------------------------------+
21:00:21:801 [07564] | INFO  | > Returning pixel format: 20
21:00:21:801 [07564] | INFO  | Redirecting wglSetPixelFormat(hdc = FFFFFFFFCF011DEB, iPixelFormat = 20, ppfd = 0000008CD71FD988) ...
21:00:21:802 [07564] | INFO  | Redirecting wglCreateContext(hdc = FFFFFFFFCF011DEB) ...
21:00:21:802 [07564] | INFO  | > Passing on to wglCreateLayerContext:
21:00:21:802 [07564] | INFO  | Redirecting wglCreateLayerContext(hdc = FFFFFFFFCF011DEB, iLayerPlane = 0) ...
21:00:21:848 [07564] | INFO  | Searching for add-ons (*.addon) in "F:\GitHub\OpenRA-OW\OpenRA-OW\bin" ...
21:00:21:904 [07564] | INFO  | Running on AMD Radeon RX 6800 XT using OpenGL 4.6.0 Compatibility Profile Context 24.10.1.241007
21:00:21:906 [07564] | INFO  | Redirecting wglChoosePixelFormatARB(hdc = FFFFFFFFCF011DEB, piAttribIList = 0000008CD71FDA30, pfAttribFList = 0000008CD71FDB40, nMaxFormats = 1, piFormats = 0000008CD71FD9E0, nNumFormats = 0000008CD71FD984) ...
21:00:21:906 [07564] | INFO  | > Dumping attributes:
21:00:21:906 [07564] | INFO  |   +-----------------------------------------+-----------------------------------------+
21:00:21:906 [07564] | INFO  |   | Attribute                               | Value                                   |
21:00:21:906 [07564] | INFO  |   +-----------------------------------------+-----------------------------------------+
21:00:21:907 [07564] | INFO  |   | WGL_DRAW_TO_WINDOW_ARB                  | TRUE                                    |
21:00:21:907 [07564] | INFO  |   | WGL_RED_BITS_ARB                        | 8                                       |
21:00:21:907 [07564] | INFO  |   | WGL_GREEN_BITS_ARB                      | 8                                       |
21:00:21:907 [07564] | INFO  |   | WGL_BLUE_BITS_ARB                       | 8                                       |
21:00:21:907 [07564] | INFO  |   | WGL_DOUBLE_BUFFER_ARB                   | TRUE                                    |
21:00:21:907 [07564] | INFO  |   | WGL_DEPTH_BITS_ARB                      | 16                                      |
21:00:21:907 [07564] | INFO  |   | WGL_ACCELERATION_ARB                    | 0x2027                                  |
21:00:21:907 [07564] | INFO  |   +-----------------------------------------+-----------------------------------------+
21:00:21:908 [07564] | INFO  | > Returning pixel format(s): 20
21:00:21:908 [07564] | INFO  | Redirecting wglDeleteContext(hglrc = 0000000000030000) ...
21:00:21:914 [07564] | INFO  | Redirecting wglSetPixelFormat(hdc = 000000004D013933, iPixelFormat = 20, ppfd = 0000008CD71FDA00) ...
21:00:21:915 [07564] | INFO  | Redirecting wglCreateContext(hdc = 000000004D013933) ...
21:00:21:915 [07564] | INFO  | > Passing on to wglCreateLayerContext:
21:00:21:915 [07564] | INFO  | Redirecting wglCreateLayerContext(hdc = 000000004D013933, iLayerPlane = 0) ...
21:00:21:956 [07564] | INFO  | Searching for add-ons (*.addon) in "F:\GitHub\OpenRA-OW\OpenRA-OW\bin" ...
21:00:22:015 [07564] | INFO  | Running on AMD Radeon RX 6800 XT using OpenGL 4.6.0 Compatibility Profile Context 24.10.1.241007
21:00:22:017 [07564] | INFO  | Redirecting wglCreateContextAttribsARB(hdc = 000000004D013933, hShareContext = 0000000000000000, piAttribList = 0000008CD71FDD90) ...
21:00:22:017 [07564] | INFO  | > Requesting core OpenGL context for version 3.2 ...
21:00:22:017 [07564] | INFO  | > Replacing requested version with 4.3 ...
21:00:22:017 [07564] | INFO  | Redirecting wglCreateLayerContext(hdc = 000000004D013933, iLayerPlane = 0) ...
21:00:22:023 [07564] | INFO  | Redirecting wglDeleteContext(hglrc = 0000000000040000) ...
21:00:22:031 [07564] | INFO  | Searching for add-ons (*.addon) in "F:\GitHub\OpenRA-OW\OpenRA-OW\bin" ...
21:00:22:088 [07564] | INFO  | Running on AMD Radeon RX 6800 XT using OpenGL 4.6.0 Compatibility Profile Context 24.10.1.241007
21:00:22:090 [07564] | INFO  | Redirecting wglDeleteContext(hglrc = 0000000000010001) ...
21:00:22:098 [07564] | INFO  | Redirecting RegisterClassExW(lpWndClassEx = 0000008CD71FDCB0 { "SDL_app", style = 0x1020 }) ...
21:00:22:101 [07564] | INFO  | Redirecting wglChoosePixelFormat(hdc = FFFFFFFF98013933, ppfd = 0000008CD71FDB60) ...
21:00:22:101 [07564] | INFO  | > Dumping pixel format descriptor:
21:00:22:101 [07564] | INFO  |   +-----------------------------------------+-----------------------------------------+
21:00:22:101 [07564] | INFO  |   | Name                                    | Value                                   |
21:00:22:101 [07564] | INFO  |   +-----------------------------------------+-----------------------------------------+
21:00:22:101 [07564] | INFO  |   | Flags                                   | 0x25                                    |
21:00:22:101 [07564] | INFO  |   | ColorBits                               | 24                                      |
21:00:22:102 [07564] | INFO  |   | DepthBits                               | 16                                      |
21:00:22:102 [07564] | INFO  |   | StencilBits                             | 0                                       |
21:00:22:102 [07564] | INFO  |   +-----------------------------------------+-----------------------------------------+
21:00:22:102 [07564] | INFO  | > Returning pixel format: 20
21:00:22:102 [07564] | INFO  | Redirecting wglSetPixelFormat(hdc = FFFFFFFF98013933, iPixelFormat = 20, ppfd = 0000008CD71FDB60) ...
21:00:22:102 [07564] | INFO  | Redirecting wglCreateContext(hdc = FFFFFFFF98013933) ...
21:00:22:103 [07564] | INFO  | > Passing on to wglCreateLayerContext:
21:00:22:103 [07564] | INFO  | Redirecting wglCreateLayerContext(hdc = FFFFFFFF98013933, iLayerPlane = 0) ...
21:00:22:143 [07564] | INFO  | Searching for add-ons (*.addon) in "F:\GitHub\OpenRA-OW\OpenRA-OW\bin" ...
21:00:22:200 [07564] | INFO  | Running on AMD Radeon RX 6800 XT using OpenGL 4.6.0 Compatibility Profile Context 24.10.1.241007
21:00:22:202 [07564] | INFO  | Redirecting wglDeleteContext(hglrc = 0000000000020001) ...
21:00:22:215 [07564] | INFO  | Redirecting wglChoosePixelFormat(hdc = FFFFFFFFC8013C67, ppfd = 0000008CD71FD988) ...
21:00:22:216 [07564] | INFO  | > Dumping pixel format descriptor:
21:00:22:216 [07564] | INFO  |   +-----------------------------------------+-----------------------------------------+
21:00:22:216 [07564] | INFO  |   | Name                                    | Value                                   |
21:00:22:216 [07564] | INFO  |   +-----------------------------------------+-----------------------------------------+
21:00:22:216 [07564] | INFO  |   | Flags                                   | 0x25                                    |
21:00:22:216 [07564] | INFO  |   | ColorBits                               | 24                                      |
21:00:22:216 [07564] | INFO  |   | DepthBits                               | 16                                      |
21:00:22:216 [07564] | INFO  |   | StencilBits                             | 0                                       |
21:00:22:216 [07564] | INFO  |   +-----------------------------------------+-----------------------------------------+
21:00:22:217 [07564] | INFO  | > Returning pixel format: 20
21:00:22:217 [07564] | INFO  | Redirecting wglSetPixelFormat(hdc = FFFFFFFFC8013C67, iPixelFormat = 20, ppfd = 0000008CD71FD988) ...
21:00:22:217 [07564] | INFO  | Redirecting wglCreateContext(hdc = FFFFFFFFC8013C67) ...
21:00:22:217 [07564] | INFO  | > Passing on to wglCreateLayerContext:
21:00:22:217 [07564] | INFO  | Redirecting wglCreateLayerContext(hdc = FFFFFFFFC8013C67, iLayerPlane = 0) ...
21:00:22:255 [07564] | INFO  | Searching for add-ons (*.addon) in "F:\GitHub\OpenRA-OW\OpenRA-OW\bin" ...
21:00:22:312 [07564] | INFO  | Running on AMD Radeon RX 6800 XT using OpenGL 4.6.0 Compatibility Profile Context 24.10.1.241007
21:00:22:314 [07564] | INFO  | Redirecting wglChoosePixelFormatARB(hdc = FFFFFFFFC8013C67, piAttribIList = 0000008CD71FDA30, pfAttribFList = 0000008CD71FDB40, nMaxFormats = 1, piFormats = 0000008CD71FD9E0, nNumFormats = 0000008CD71FD984) ...
21:00:22:314 [07564] | INFO  | > Dumping attributes:
21:00:22:314 [07564] | INFO  |   +-----------------------------------------+-----------------------------------------+
21:00:22:314 [07564] | INFO  |   | Attribute                               | Value                                   |
21:00:22:314 [07564] | INFO  |   +-----------------------------------------+-----------------------------------------+
21:00:22:314 [07564] | INFO  |   | WGL_DRAW_TO_WINDOW_ARB                  | TRUE                                    |
21:00:22:315 [07564] | INFO  |   | WGL_RED_BITS_ARB                        | 8                                       |
21:00:22:315 [07564] | INFO  |   | WGL_GREEN_BITS_ARB                      | 8                                       |
21:00:22:315 [07564] | INFO  |   | WGL_BLUE_BITS_ARB                       | 8                                       |
21:00:22:315 [07564] | INFO  |   | WGL_DOUBLE_BUFFER_ARB                   | TRUE                                    |
21:00:22:315 [07564] | INFO  |   | WGL_DEPTH_BITS_ARB                      | 16                                      |
21:00:22:315 [07564] | INFO  |   | WGL_ACCELERATION_ARB                    | 0x2027                                  |
21:00:22:315 [07564] | INFO  |   +-----------------------------------------+-----------------------------------------+
21:00:22:315 [07564] | INFO  | > Returning pixel format(s): 20
21:00:22:315 [07564] | INFO  | Redirecting wglDeleteContext(hglrc = 0000000000030001) ...
21:00:22:321 [07564] | INFO  | Redirecting wglSetPixelFormat(hdc = FFFFFFFFDE013933, iPixelFormat = 20, ppfd = 0000008CD71FDA00) ...
21:00:22:322 [07564] | INFO  | Redirecting wglCreateContext(hdc = FFFFFFFFDE013933) ...
21:00:22:322 [07564] | INFO  | > Passing on to wglCreateLayerContext:
21:00:22:322 [07564] | INFO  | Redirecting wglCreateLayerContext(hdc = FFFFFFFFDE013933, iLayerPlane = 0) ...
21:00:22:361 [07564] | INFO  | Searching for add-ons (*.addon) in "F:\GitHub\OpenRA-OW\OpenRA-OW\bin" ...
21:00:22:416 [07564] | INFO  | Running on AMD Radeon RX 6800 XT using OpenGL 4.6.0 Compatibility Profile Context 24.10.1.241007
21:00:22:418 [07564] | INFO  | Redirecting wglCreateContextAttribsARB(hdc = FFFFFFFFDE013933, hShareContext = 0000000000000000, piAttribList = 0000008CD71FDD90) ...
21:00:22:418 [07564] | INFO  | > Requesting compatibility OpenGL context for version 3.0 ...
21:00:22:418 [07564] | INFO  | > Replacing requested version with 4.3 ...
21:00:22:418 [07564] | INFO  | Redirecting wglCreateLayerContext(hdc = FFFFFFFFDE013933, iLayerPlane = 0) ...
21:00:22:425 [07564] | INFO  | Redirecting wglDeleteContext(hglrc = 0000000000040001) ...
21:00:22:431 [07564] | INFO  | Searching for add-ons (*.addon) in "F:\GitHub\OpenRA-OW\OpenRA-OW\bin" ...
21:00:22:490 [07564] | INFO  | Running on AMD Radeon RX 6800 XT using OpenGL 4.6.0 Compatibility Profile Context 24.10.1.241007
21:00:22:492 [07564] | INFO  | Redirecting wglDeleteContext(hglrc = 0000000000050000) ...
21:00:22:500 [07564] | INFO  | Redirecting RegisterClassExW(lpWndClassEx = 0000008CD71FDE40 { "SDL_app", style = 0x1020 }) ...
21:00:22:504 [07564] | INFO  | Redirecting wglChoosePixelFormat(hdc = 0000000028013933, ppfd = 0000008CD71FDDA0) ...
21:00:22:504 [07564] | INFO  | > Dumping pixel format descriptor:
21:00:22:504 [07564] | INFO  |   +-----------------------------------------+-----------------------------------------+
21:00:22:504 [07564] | INFO  |   | Name                                    | Value                                   |
21:00:22:504 [07564] | INFO  |   +-----------------------------------------+-----------------------------------------+
21:00:22:505 [07564] | INFO  |   | Flags                                   | 0x25                                    |
21:00:22:505 [07564] | INFO  |   | ColorBits                               | 24                                      |
21:00:22:505 [07564] | INFO  |   | DepthBits                               | 16                                      |
21:00:22:505 [07564] | INFO  |   | StencilBits                             | 0                                       |
21:00:22:505 [07564] | INFO  |   +-----------------------------------------+-----------------------------------------+
21:00:22:505 [07564] | INFO  | > Returning pixel format: 20
21:00:22:506 [07564] | INFO  | Redirecting wglSetPixelFormat(hdc = 0000000028013933, iPixelFormat = 20, ppfd = 0000008CD71FDDA0) ...
21:00:22:506 [07564] | INFO  | Redirecting wglCreateContext(hdc = 0000000028013933) ...
21:00:22:506 [07564] | INFO  | > Passing on to wglCreateLayerContext:
21:00:22:506 [07564] | INFO  | Redirecting wglCreateLayerContext(hdc = 0000000028013933, iLayerPlane = 0) ...
21:00:22:545 [07564] | INFO  | Searching for add-ons (*.addon) in "F:\GitHub\OpenRA-OW\OpenRA-OW\bin" ...
21:00:22:601 [07564] | INFO  | Running on AMD Radeon RX 6800 XT using OpenGL 4.6.0 Compatibility Profile Context 24.10.1.241007
21:00:22:603 [07564] | INFO  | Redirecting wglDeleteContext(hglrc = 0000000000060000) ...
