22:28:06:031 [67076] | INFO  | Initializing crosire's ReShade version '5.2.2.3' (64-bit) loaded from "D:\GitHub\OpenRA-OW\OpenRA-OW\OpenRA-OW2023-02-25\bin\OPENGL32.DLL" into "D:\GitHub\OpenRA-OW\OpenRA-OW\OpenRA-OW2023-02-25\bin\OpenRA.exe" ...
22:28:06:031 [67076] | INFO  | Registering hooks for "user32.dll" ...
22:28:06:031 [67076] | INFO  | > Libraries loaded.
22:28:06:032 [67076] | INFO  | > Found 14 match(es). Installing ...
22:28:06:059 [67076] | INFO  | Registering hooks for "C:\Windows\system32\opengl32.dll" ...
22:28:06:059 [67076] | INFO  | > Delayed until first call to an exported function.
22:28:06:059 [67076] | INFO  | Registering hooks for "vrclient_x64.dll" ...
22:28:06:059 [67076] | INFO  | > Delayed.
22:28:06:059 [67076] | INFO  | Registering hooks for "C:\Windows\system32\dinput.dll" ...
22:28:06:059 [67076] | INFO  | > Delayed.
22:28:06:059 [67076] | INFO  | Initialized.
22:28:06:062 [67076] | INFO  | Redirecting wglChoosePixelFormat(hdc = FFFFFFFFC301348D, ppfd = 000000C3CA57D9A0) ...
22:28:06:062 [67076] | INFO  | > Dumping pixel format descriptor:
22:28:06:062 [67076] | INFO  |   +-----------------------------------------+-----------------------------------------+
22:28:06:063 [67076] | INFO  |   | Name                                    | Value                                   |
22:28:06:063 [67076] | INFO  |   +-----------------------------------------+-----------------------------------------+
22:28:06:063 [67076] | INFO  |   | Flags                                   | 0x25                                    |
22:28:06:063 [67076] | INFO  |   | ColorBits                               | 24                                      |
22:28:06:063 [67076] | INFO  |   | DepthBits                               | 16                                      |
22:28:06:063 [67076] | INFO  |   | StencilBits                             | 0                                       |
22:28:06:063 [67076] | INFO  |   +-----------------------------------------+-----------------------------------------+
22:28:06:064 [67076] | WARN  | Ignoring LoadLibrary("C:\Windows\SYSTEM32\GLU32.dll") call to avoid possible deadlock.
22:28:06:064 [67076] | WARN  | Ignoring LoadLibrary("C:\Windows\SYSTEM32\dxcore.dll") call to avoid possible deadlock.
22:28:06:064 [67076] | INFO  | Installing export hooks for "C:\Windows\system32\opengl32.dll" ...
22:28:06:065 [67076] | INFO  | > Found 360 match(es). Installing ...
22:28:06:107 [67076] | INFO  | > Returning pixel format: 20
22:28:06:107 [67076] | INFO  | Redirecting wglSetPixelFormat(hdc = FFFFFFFFC301348D, iPixelFormat = 20, ppfd = 000000C3CA57D9A0) ...
22:28:06:107 [67076] | INFO  | Redirecting wglCreateContext(hdc = FFFFFFFFC301348D) ...
22:28:06:107 [67076] | INFO  | > Passing on to wglCreateLayerContext:
22:28:06:108 [67076] | INFO  | Redirecting wglCreateLayerContext(hdc = FFFFFFFFC301348D, iLayerPlane = 0) ...
22:28:06:188 [67076] | INFO  | Searching for add-ons (*.addon) in "D:\GitHub\OpenRA-OW\OpenRA-OW\OpenRA-OW2023-02-25\bin" ...
22:28:06:284 [67076] | INFO  | Running on AMD Radeon RX 6800 XT using OpenGL 4.6.0 Compatibility Profile Context 24.5.1.240502
22:28:06:286 [67076] | INFO  | Redirecting wglDeleteContext(hglrc = 0000000000010000) ...
22:28:06:336 [67076] | INFO  | Redirecting RegisterClassExW(lpWndClassEx = 000000C3CA57D950 { "SDL_app", style = 0x1020 }) ...
22:28:06:339 [67076] | INFO  | Redirecting wglChoosePixelFormat(hdc = 000000005901348D, ppfd = 000000C3CA57D9A0) ...
22:28:06:339 [67076] | INFO  | > Dumping pixel format descriptor:
22:28:06:340 [67076] | INFO  |   +-----------------------------------------+-----------------------------------------+
22:28:06:340 [67076] | INFO  |   | Name                                    | Value                                   |
22:28:06:340 [67076] | INFO  |   +-----------------------------------------+-----------------------------------------+
22:28:06:340 [67076] | INFO  |   | Flags                                   | 0x25                                    |
22:28:06:340 [67076] | INFO  |   | ColorBits                               | 24                                      |
22:28:06:340 [67076] | INFO  |   | DepthBits                               | 16                                      |
22:28:06:340 [67076] | INFO  |   | StencilBits                             | 0                                       |
22:28:06:341 [67076] | INFO  |   +-----------------------------------------+-----------------------------------------+
22:28:06:341 [67076] | INFO  | > Returning pixel format: 20
22:28:06:341 [67076] | INFO  | Redirecting wglSetPixelFormat(hdc = 000000005901348D, iPixelFormat = 20, ppfd = 000000C3CA57D9A0) ...
22:28:06:342 [67076] | INFO  | Redirecting wglCreateContext(hdc = 000000005901348D) ...
22:28:06:342 [67076] | INFO  | > Passing on to wglCreateLayerContext:
22:28:06:342 [67076] | INFO  | Redirecting wglCreateLayerContext(hdc = 000000005901348D, iLayerPlane = 0) ...
22:28:06:377 [67076] | INFO  | Searching for add-ons (*.addon) in "D:\GitHub\OpenRA-OW\OpenRA-OW\OpenRA-OW2023-02-25\bin" ...
22:28:06:440 [67076] | INFO  | Running on AMD Radeon RX 6800 XT using OpenGL 4.6.0 Compatibility Profile Context 24.5.1.240502
22:28:06:442 [67076] | INFO  | Redirecting wglDeleteContext(hglrc = 0000000000020000) ...
22:28:06:454 [67076] | INFO  | Redirecting wglChoosePixelFormat(hdc = FFFFFFFF8501380F, ppfd = 000000C3CA57D710) ...
22:28:06:454 [67076] | INFO  | > Dumping pixel format descriptor:
22:28:06:455 [67076] | INFO  |   +-----------------------------------------+-----------------------------------------+
22:28:06:455 [67076] | INFO  |   | Name                                    | Value                                   |
22:28:06:455 [67076] | INFO  |   +-----------------------------------------+-----------------------------------------+
22:28:06:455 [67076] | INFO  |   | Flags                                   | 0x25                                    |
22:28:06:455 [67076] | INFO  |   | ColorBits                               | 24                                      |
22:28:06:455 [67076] | INFO  |   | DepthBits                               | 16                                      |
22:28:06:455 [67076] | INFO  |   | StencilBits                             | 0                                       |
22:28:06:455 [67076] | INFO  |   +-----------------------------------------+-----------------------------------------+
22:28:06:456 [67076] | INFO  | > Returning pixel format: 20
22:28:06:456 [67076] | INFO  | Redirecting wglSetPixelFormat(hdc = FFFFFFFF8501380F, iPixelFormat = 20, ppfd = 000000C3CA57D710) ...
22:28:06:456 [67076] | INFO  | Redirecting wglCreateContext(hdc = FFFFFFFF8501380F) ...
22:28:06:456 [67076] | INFO  | > Passing on to wglCreateLayerContext:
22:28:06:456 [67076] | INFO  | Redirecting wglCreateLayerContext(hdc = FFFFFFFF8501380F, iLayerPlane = 0) ...
22:28:06:490 [67076] | INFO  | Searching for add-ons (*.addon) in "D:\GitHub\OpenRA-OW\OpenRA-OW\OpenRA-OW2023-02-25\bin" ...
22:28:06:554 [67076] | INFO  | Running on AMD Radeon RX 6800 XT using OpenGL 4.6.0 Compatibility Profile Context 24.5.1.240502
22:28:06:556 [67076] | INFO  | Redirecting wglChoosePixelFormatARB(hdc = FFFFFFFF8501380F, piAttribIList = 000000C3CA57D840, pfAttribFList = 000000C3CA57D7DC, nMaxFormats = 1, piFormats = 000000C3CA57D708, nNumFormats = 000000C3CA57D70C) ...
22:28:06:556 [67076] | INFO  | > Dumping attributes:
22:28:06:556 [67076] | INFO  |   +-----------------------------------------+-----------------------------------------+
22:28:06:556 [67076] | INFO  |   | Attribute                               | Value                                   |
22:28:06:556 [67076] | INFO  |   +-----------------------------------------+-----------------------------------------+
22:28:06:557 [67076] | INFO  |   | WGL_DRAW_TO_WINDOW_ARB                  | TRUE                                    |
22:28:06:557 [67076] | INFO  |   | WGL_RED_BITS_ARB                        | 8                                       |
22:28:06:557 [67076] | INFO  |   | WGL_GREEN_BITS_ARB                      | 8                                       |
22:28:06:557 [67076] | INFO  |   | WGL_BLUE_BITS_ARB                       | 8                                       |
22:28:06:557 [67076] | INFO  |   | WGL_DOUBLE_BUFFER_ARB                   | TRUE                                    |
22:28:06:557 [67076] | INFO  |   | WGL_DEPTH_BITS_ARB                      | 16                                      |
22:28:06:557 [67076] | INFO  |   | WGL_ACCELERATION_ARB                    | 0x2027                                  |
22:28:06:557 [67076] | INFO  |   +-----------------------------------------+-----------------------------------------+
22:28:06:557 [67076] | INFO  | > Returning pixel format(s): 20
22:28:06:558 [67076] | INFO  | Redirecting wglDeleteContext(hglrc = 0000000000030000) ...
22:28:06:563 [67076] | INFO  | Redirecting wglSetPixelFormat(hdc = 000000006001348D, iPixelFormat = 20, ppfd = 000000C3CA57D7E0) ...
22:28:06:563 [67076] | INFO  | Redirecting wglCreateContext(hdc = 000000006001348D) ...
22:28:06:563 [67076] | INFO  | > Passing on to wglCreateLayerContext:
22:28:06:563 [67076] | INFO  | Redirecting wglCreateLayerContext(hdc = 000000006001348D, iLayerPlane = 0) ...
22:28:06:597 [67076] | INFO  | Searching for add-ons (*.addon) in "D:\GitHub\OpenRA-OW\OpenRA-OW\OpenRA-OW2023-02-25\bin" ...
22:28:06:662 [67076] | INFO  | Running on AMD Radeon RX 6800 XT using OpenGL 4.6.0 Compatibility Profile Context 24.5.1.240502
22:28:06:663 [67076] | INFO  | Redirecting wglCreateContextAttribsARB(hdc = 000000006001348D, hShareContext = 0000000000000000, piAttribList = 000000C3CA57DC20) ...
22:28:06:663 [67076] | INFO  | > Requesting core OpenGL context for version 3.2 ...
22:28:06:663 [67076] | INFO  | > Replacing requested version with 4.3 ...
22:28:06:664 [67076] | INFO  | Redirecting wglCreateLayerContext(hdc = 000000006001348D, iLayerPlane = 0) ...
22:28:06:670 [67076] | INFO  | Redirecting wglDeleteContext(hglrc = 0000000000040000) ...
22:28:06:676 [67076] | INFO  | Searching for add-ons (*.addon) in "D:\GitHub\OpenRA-OW\OpenRA-OW\OpenRA-OW2023-02-25\bin" ...
22:28:06:739 [67076] | INFO  | Running on AMD Radeon RX 6800 XT using OpenGL 4.6.0 Compatibility Profile Context 24.5.1.240502
22:28:06:741 [67076] | INFO  | Redirecting wglDeleteContext(hglrc = 0000000000010001) ...
22:28:06:748 [67076] | INFO  | Redirecting RegisterClassExW(lpWndClassEx = 000000C3CA57D950 { "SDL_app", style = 0x1020 }) ...
22:28:06:754 [67076] | INFO  | Redirecting wglChoosePixelFormat(hdc = FFFFFFFFAC01348D, ppfd = 000000C3CA57D9A0) ...
22:28:06:754 [67076] | INFO  | > Dumping pixel format descriptor:
22:28:06:754 [67076] | INFO  |   +-----------------------------------------+-----------------------------------------+
22:28:06:754 [67076] | INFO  |   | Name                                    | Value                                   |
22:28:06:754 [67076] | INFO  |   +-----------------------------------------+-----------------------------------------+
22:28:06:754 [67076] | INFO  |   | Flags                                   | 0x25                                    |
22:28:06:754 [67076] | INFO  |   | ColorBits                               | 24                                      |
22:28:06:754 [67076] | INFO  |   | DepthBits                               | 16                                      |
22:28:06:755 [67076] | INFO  |   | StencilBits                             | 0                                       |
22:28:06:755 [67076] | INFO  |   +-----------------------------------------+-----------------------------------------+
22:28:06:755 [67076] | INFO  | > Returning pixel format: 20
22:28:06:755 [67076] | INFO  | Redirecting wglSetPixelFormat(hdc = FFFFFFFFAC01348D, iPixelFormat = 20, ppfd = 000000C3CA57D9A0) ...
22:28:06:756 [67076] | INFO  | Redirecting wglCreateContext(hdc = FFFFFFFFAC01348D) ...
22:28:06:756 [67076] | INFO  | > Passing on to wglCreateLayerContext:
22:28:06:756 [67076] | INFO  | Redirecting wglCreateLayerContext(hdc = FFFFFFFFAC01348D, iLayerPlane = 0) ...
22:28:06:799 [67076] | INFO  | Searching for add-ons (*.addon) in "D:\GitHub\OpenRA-OW\OpenRA-OW\OpenRA-OW2023-02-25\bin" ...
22:28:06:860 [67076] | INFO  | Running on AMD Radeon RX 6800 XT using OpenGL 4.6.0 Compatibility Profile Context 24.5.1.240502
22:28:06:862 [67076] | INFO  | Redirecting wglDeleteContext(hglrc = 0000000000020001) ...
22:28:06:876 [67076] | INFO  | Redirecting wglChoosePixelFormat(hdc = FFFFFFFF88012B43, ppfd = 000000C3CA57D710) ...
22:28:06:876 [67076] | INFO  | > Dumping pixel format descriptor:
22:28:06:876 [67076] | INFO  |   +-----------------------------------------+-----------------------------------------+
22:28:06:876 [67076] | INFO  |   | Name                                    | Value                                   |
22:28:06:877 [67076] | INFO  |   +-----------------------------------------+-----------------------------------------+
22:28:06:877 [67076] | INFO  |   | Flags                                   | 0x25                                    |
22:28:06:877 [67076] | INFO  |   | ColorBits                               | 24                                      |
22:28:06:877 [67076] | INFO  |   | DepthBits                               | 16                                      |
22:28:06:877 [67076] | INFO  |   | StencilBits                             | 0                                       |
22:28:06:877 [67076] | INFO  |   +-----------------------------------------+-----------------------------------------+
22:28:06:878 [67076] | INFO  | > Returning pixel format: 20
22:28:06:878 [67076] | INFO  | Redirecting wglSetPixelFormat(hdc = FFFFFFFF88012B43, iPixelFormat = 20, ppfd = 000000C3CA57D710) ...
22:28:06:878 [67076] | INFO  | Redirecting wglCreateContext(hdc = FFFFFFFF88012B43) ...
22:28:06:878 [67076] | INFO  | > Passing on to wglCreateLayerContext:
22:28:06:878 [67076] | INFO  | Redirecting wglCreateLayerContext(hdc = FFFFFFFF88012B43, iLayerPlane = 0) ...
22:28:06:914 [67076] | INFO  | Searching for add-ons (*.addon) in "D:\GitHub\OpenRA-OW\OpenRA-OW\OpenRA-OW2023-02-25\bin" ...
22:28:06:978 [67076] | INFO  | Running on AMD Radeon RX 6800 XT using OpenGL 4.6.0 Compatibility Profile Context 24.5.1.240502
22:28:06:980 [67076] | INFO  | Redirecting wglChoosePixelFormatARB(hdc = FFFFFFFF88012B43, piAttribIList = 000000C3CA57D840, pfAttribFList = 000000C3CA57D7DC, nMaxFormats = 1, piFormats = 000000C3CA57D708, nNumFormats = 000000C3CA57D70C) ...
22:28:06:980 [67076] | INFO  | > Dumping attributes:
22:28:06:980 [67076] | INFO  |   +-----------------------------------------+-----------------------------------------+
22:28:06:981 [67076] | INFO  |   | Attribute                               | Value                                   |
22:28:06:981 [67076] | INFO  |   +-----------------------------------------+-----------------------------------------+
22:28:06:981 [67076] | INFO  |   | WGL_DRAW_TO_WINDOW_ARB                  | TRUE                                    |
22:28:06:981 [67076] | INFO  |   | WGL_RED_BITS_ARB                        | 8                                       |
22:28:06:981 [67076] | INFO  |   | WGL_GREEN_BITS_ARB                      | 8                                       |
22:28:06:981 [67076] | INFO  |   | WGL_BLUE_BITS_ARB                       | 8                                       |
22:28:06:981 [67076] | INFO  |   | WGL_DOUBLE_BUFFER_ARB                   | TRUE                                    |
22:28:06:981 [67076] | INFO  |   | WGL_DEPTH_BITS_ARB                      | 16                                      |
22:28:06:981 [67076] | INFO  |   | WGL_ACCELERATION_ARB                    | 0x2027                                  |
22:28:06:981 [67076] | INFO  |   +-----------------------------------------+-----------------------------------------+
22:28:06:982 [67076] | INFO  | > Returning pixel format(s): 20
22:28:06:982 [67076] | INFO  | Redirecting wglDeleteContext(hglrc = 0000000000030001) ...
22:28:06:988 [67076] | INFO  | Redirecting wglSetPixelFormat(hdc = 00000000570138CD, iPixelFormat = 20, ppfd = 000000C3CA57D7E0) ...
22:28:06:989 [67076] | INFO  | Redirecting wglCreateContext(hdc = 00000000570138CD) ...
22:28:06:989 [67076] | INFO  | > Passing on to wglCreateLayerContext:
22:28:06:989 [67076] | INFO  | Redirecting wglCreateLayerContext(hdc = 00000000570138CD, iLayerPlane = 0) ...
22:28:07:030 [67076] | INFO  | Searching for add-ons (*.addon) in "D:\GitHub\OpenRA-OW\OpenRA-OW\OpenRA-OW2023-02-25\bin" ...
22:28:07:095 [67076] | INFO  | Running on AMD Radeon RX 6800 XT using OpenGL 4.6.0 Compatibility Profile Context 24.5.1.240502
22:28:07:097 [67076] | INFO  | Redirecting wglCreateContextAttribsARB(hdc = 00000000570138CD, hShareContext = 0000000000000000, piAttribList = 000000C3CA57DC20) ...
22:28:07:097 [67076] | INFO  | > Requesting compatibility OpenGL context for version 3.0 ...
22:28:07:097 [67076] | INFO  | > Replacing requested version with 4.3 ...
22:28:07:097 [67076] | INFO  | Redirecting wglCreateLayerContext(hdc = 00000000570138CD, iLayerPlane = 0) ...
22:28:07:104 [67076] | INFO  | Redirecting wglDeleteContext(hglrc = 0000000000040001) ...
22:28:07:109 [67076] | INFO  | Searching for add-ons (*.addon) in "D:\GitHub\OpenRA-OW\OpenRA-OW\OpenRA-OW2023-02-25\bin" ...
22:28:07:169 [67076] | INFO  | Running on AMD Radeon RX 6800 XT using OpenGL 4.6.0 Compatibility Profile Context 24.5.1.240502
22:28:07:171 [67076] | INFO  | Redirecting wglDeleteContext(hglrc = 0000000000050000) ...
22:28:07:180 [67076] | INFO  | Redirecting RegisterClassExW(lpWndClassEx = 000000C3CA57DAE0 { "SDL_app", style = 0x1020 }) ...
22:28:07:185 [67076] | INFO  | Redirecting wglChoosePixelFormat(hdc = 000000000A011BD9, ppfd = 000000C3CA57DBE0) ...
22:28:07:185 [67076] | INFO  | > Dumping pixel format descriptor:
22:28:07:185 [67076] | INFO  |   +-----------------------------------------+-----------------------------------------+
22:28:07:185 [67076] | INFO  |   | Name                                    | Value                                   |
22:28:07:185 [67076] | INFO  |   +-----------------------------------------+-----------------------------------------+
22:28:07:186 [67076] | INFO  |   | Flags                                   | 0x25                                    |
22:28:07:186 [67076] | INFO  |   | ColorBits                               | 24                                      |
22:28:07:186 [67076] | INFO  |   | DepthBits                               | 16                                      |
22:28:07:186 [67076] | INFO  |   | StencilBits                             | 0                                       |
22:28:07:186 [67076] | INFO  |   +-----------------------------------------+-----------------------------------------+
22:28:07:187 [67076] | INFO  | > Returning pixel format: 20
22:28:07:187 [67076] | INFO  | Redirecting wglSetPixelFormat(hdc = 000000000A011BD9, iPixelFormat = 20, ppfd = 000000C3CA57DBE0) ...
22:28:07:187 [67076] | INFO  | Redirecting wglCreateContext(hdc = 000000000A011BD9) ...
22:28:07:187 [67076] | INFO  | > Passing on to wglCreateLayerContext:
22:28:07:187 [67076] | INFO  | Redirecting wglCreateLayerContext(hdc = 000000000A011BD9, iLayerPlane = 0) ...
22:28:07:224 [67076] | INFO  | Searching for add-ons (*.addon) in "D:\GitHub\OpenRA-OW\OpenRA-OW\OpenRA-OW2023-02-25\bin" ...
22:28:07:288 [67076] | INFO  | Running on AMD Radeon RX 6800 XT using OpenGL 4.6.0 Compatibility Profile Context 24.5.1.240502
22:28:07:290 [67076] | INFO  | Redirecting wglDeleteContext(hglrc = 0000000000060000) ...
22:28:07:303 [67076] | INFO  | Redirecting wglChoosePixelFormat(hdc = 0000000023011BC9, ppfd = 000000C3CA57D950) ...
22:28:07:303 [67076] | INFO  | > Dumping pixel format descriptor:
22:28:07:303 [67076] | INFO  |   +-----------------------------------------+-----------------------------------------+
22:28:07:303 [67076] | INFO  |   | Name                                    | Value                                   |
22:28:07:303 [67076] | INFO  |   +-----------------------------------------+-----------------------------------------+
22:28:07:303 [67076] | INFO  |   | Flags                                   | 0x25                                    |
22:28:07:303 [67076] | INFO  |   | ColorBits                               | 24                                      |
22:28:07:303 [67076] | INFO  |   | DepthBits                               | 16                                      |
22:28:07:303 [67076] | INFO  |   | StencilBits                             | 0                                       |
22:28:07:303 [67076] | INFO  |   +-----------------------------------------+-----------------------------------------+
22:28:07:304 [67076] | INFO  | > Returning pixel format: 20
22:28:07:304 [67076] | INFO  | Redirecting wglSetPixelFormat(hdc = 0000000023011BC9, iPixelFormat = 20, ppfd = 000000C3CA57D950) ...
22:28:07:304 [67076] | INFO  | Redirecting wglCreateContext(hdc = 0000000023011BC9) ...
22:28:07:304 [67076] | INFO  | > Passing on to wglCreateLayerContext:
22:28:07:305 [67076] | INFO  | Redirecting wglCreateLayerContext(hdc = 0000000023011BC9, iLayerPlane = 0) ...
22:28:07:340 [67076] | INFO  | Searching for add-ons (*.addon) in "D:\GitHub\OpenRA-OW\OpenRA-OW\OpenRA-OW2023-02-25\bin" ...
22:28:07:406 [67076] | INFO  | Running on AMD Radeon RX 6800 XT using OpenGL 4.6.0 Compatibility Profile Context 24.5.1.240502
22:28:07:407 [67076] | INFO  | Redirecting wglChoosePixelFormatARB(hdc = 0000000023011BC9, piAttribIList = 000000C3CA57DA80, pfAttribFList = 000000C3CA57DA1C, nMaxFormats = 1, piFormats = 000000C3CA57D948, nNumFormats = 000000C3CA57D94C) ...
22:28:07:408 [67076] | INFO  | > Dumping attributes:
22:28:07:408 [67076] | INFO  |   +-----------------------------------------+-----------------------------------------+
22:28:07:408 [67076] | INFO  |   | Attribute                               | Value                                   |
22:28:07:408 [67076] | INFO  |   +-----------------------------------------+-----------------------------------------+
22:28:07:408 [67076] | INFO  |   | WGL_DRAW_TO_WINDOW_ARB                  | TRUE                                    |
22:28:07:408 [67076] | INFO  |   | WGL_RED_BITS_ARB                        | 8                                       |
22:28:07:408 [67076] | INFO  |   | WGL_GREEN_BITS_ARB                      | 8                                       |
22:28:07:408 [67076] | INFO  |   | WGL_BLUE_BITS_ARB                       | 8                                       |
22:28:07:408 [67076] | INFO  |   | WGL_DOUBLE_BUFFER_ARB                   | TRUE                                    |
22:28:07:409 [67076] | INFO  |   | WGL_DEPTH_BITS_ARB                      | 16                                      |
22:28:07:409 [67076] | INFO  |   | WGL_ACCELERATION_ARB                    | 0x2027                                  |
22:28:07:409 [67076] | INFO  |   +-----------------------------------------+-----------------------------------------+
22:28:07:409 [67076] | INFO  | > Returning pixel format(s): 20
22:28:07:409 [67076] | INFO  | Redirecting wglDeleteContext(hglrc = 0000000000070000) ...
22:28:07:414 [67076] | INFO  | Redirecting wglSetPixelFormat(hdc = 0000000054011BD9, iPixelFormat = 20, ppfd = 000000C3CA57DA20) ...
22:28:07:426 [67076] | INFO  | Redirecting wglCreateContext(hdc = 0000000054011BD9) ...
22:28:07:426 [67076] | INFO  | > Passing on to wglCreateLayerContext:
22:28:07:426 [67076] | INFO  | Redirecting wglCreateLayerContext(hdc = 0000000054011BD9, iLayerPlane = 0) ...
22:28:07:466 [67076] | INFO  | Searching for add-ons (*.addon) in "D:\GitHub\OpenRA-OW\OpenRA-OW\OpenRA-OW2023-02-25\bin" ...
22:28:07:526 [67076] | INFO  | Running on AMD Radeon RX 6800 XT using OpenGL 4.6.0 Compatibility Profile Context 24.5.1.240502
22:28:07:528 [67076] | INFO  | Redirecting wglCreateContextAttribsARB(hdc = 0000000054011BD9, hShareContext = 0000000000000000, piAttribList = 000000C3CA57DD80) ...
22:28:07:528 [67076] | INFO  | > Requesting core OpenGL context for version 3.2 ...
22:28:07:528 [67076] | INFO  | > Replacing requested version with 4.3 ...
22:28:07:528 [67076] | INFO  | Redirecting wglCreateLayerContext(hdc = 0000000054011BD9, iLayerPlane = 0) ...
22:28:07:535 [67076] | INFO  | Redirecting wglDeleteContext(hglrc = 0000000000080000) ...
22:28:07:544 [67076] | INFO  | Searching for add-ons (*.addon) in "D:\GitHub\OpenRA-OW\OpenRA-OW\OpenRA-OW2023-02-25\bin" ...
22:28:07:601 [67076] | INFO  | Running on AMD Radeon RX 6800 XT using OpenGL 4.6.0 Compatibility Profile Context 24.5.1.240502
22:28:07:860 [68680] | INFO  | Successfully compiled "D:\GitHub\OpenRA-OW\OpenRA-OW\OpenRA-OW2023-02-25\bin\reshade-shaders\Shaders\3DFX.fx".
22:28:07:913 [68256] | INFO  | Successfully compiled "D:\GitHub\OpenRA-OW\OpenRA-OW\OpenRA-OW2023-02-25\bin\reshade-shaders\Shaders\CRT-Royale\crt-royale.fx".
22:28:08:304 [67076] | INFO  | Loading image files for textures ...
22:29:19:188 [67076] | INFO  | Redirecting wglDeleteContext(hglrc = 0000000000050001) ...
22:29:19:311 [67076] | INFO  | Exiting ...
22:29:19:311 [67076] | INFO  | Uninstalling 521 hook(s) ...
22:29:20:341 [67076] | INFO  | Finished exiting.
