14:44:08:302 [17968] | INFO  | Initializing crosire's ReShade version '5.2.2.3' (64-bit) loaded from "D:\GitHub\OpenRA-OW\OpenRA-OW\OpenRA-OW2023-02-25\bin\OPENGL32.DLL" into "D:\GitHub\OpenRA-OW\OpenRA-OW\OpenRA-OW2023-02-25\bin\OpenRA.exe" ...
14:44:08:304 [17968] | INFO  | Registering hooks for "user32.dll" ...
14:44:08:304 [17968] | INFO  | > Libraries loaded.
14:44:08:305 [17968] | INFO  | > Found 14 match(es). Installing ...
14:44:08:354 [17968] | INFO  | Registering hooks for "C:\WINDOWS\system32\opengl32.dll" ...
14:44:08:354 [17968] | INFO  | > Delayed until first call to an exported function.
14:44:08:354 [17968] | INFO  | Registering hooks for "vrclient_x64.dll" ...
14:44:08:355 [17968] | INFO  | > Delayed.
14:44:08:355 [17968] | INFO  | Registering hooks for "C:\WINDOWS\system32\dinput.dll" ...
14:44:08:355 [17968] | INFO  | > Delayed.
14:44:08:355 [17968] | INFO  | Initialized.
14:44:08:364 [17968] | INFO  | Redirecting wglChoosePixelFormat(hdc = 000000006E015165, ppfd = 000000A4BB97DB80) ...
14:44:08:364 [17968] | INFO  | > Dumping pixel format descriptor:
14:44:08:365 [17968] | INFO  |   +-----------------------------------------+-----------------------------------------+
14:44:08:365 [17968] | INFO  |   | Name                                    | Value                                   |
14:44:08:365 [17968] | INFO  |   +-----------------------------------------+-----------------------------------------+
14:44:08:365 [17968] | INFO  |   | Flags                                   | 0x25                                    |
14:44:08:365 [17968] | INFO  |   | ColorBits                               | 24                                      |
14:44:08:365 [17968] | INFO  |   | DepthBits                               | 16                                      |
14:44:08:365 [17968] | INFO  |   | StencilBits                             | 0                                       |
14:44:08:367 [17968] | INFO  |   +-----------------------------------------+-----------------------------------------+
14:44:08:367 [17968] | WARN  | Ignoring LoadLibrary("C:\WINDOWS\SYSTEM32\GLU32.dll") call to avoid possible deadlock.
14:44:08:368 [17968] | WARN  | Ignoring LoadLibrary("C:\WINDOWS\SYSTEM32\dxcore.dll") call to avoid possible deadlock.
14:44:08:368 [17968] | INFO  | Installing export hooks for "C:\WINDOWS\system32\opengl32.dll" ...
14:44:08:368 [17968] | INFO  | > Found 360 match(es). Installing ...
14:44:08:519 [17968] | INFO  | > Returning pixel format: 9
14:44:08:519 [17968] | INFO  | Redirecting wglSetPixelFormat(hdc = 000000006E015165, iPixelFormat = 9, ppfd = 000000A4BB97DB80) ...
14:44:08:520 [17968] | INFO  | Redirecting wglCreateContext(hdc = 000000006E015165) ...
14:44:08:520 [17968] | INFO  | > Passing on to wglCreateLayerContext:
14:44:08:520 [17968] | INFO  | Redirecting wglCreateLayerContext(hdc = 000000006E015165, iLayerPlane = 0) ...
14:44:08:677 [17968] | INFO  | Searching for add-ons (*.addon) in "D:\GitHub\OpenRA-OW\OpenRA-OW\OpenRA-OW2023-02-25\bin" ...
14:44:09:061 [17968] | INFO  | Running on NVIDIA GeForce RTX 3060 Laptop GPU/PCIe/SSE2 using OpenGL 4.6.0 NVIDIA 537.58
14:44:09:064 [17968] | INFO  | Redirecting wglDeleteContext(hglrc = 0000000000010000) ...
14:44:09:223 [17968] | INFO  | Redirecting RegisterClassExW(lpWndClassEx = 000000A4BB97DB30 { "SDL_app", style = 0x1020 }) ...
14:44:09:230 [17968] | INFO  | Redirecting wglChoosePixelFormat(hdc = FFFFFFFFC7014ADE, ppfd = 000000A4BB97DB80) ...
14:44:09:230 [17968] | INFO  | > Dumping pixel format descriptor:
14:44:09:231 [17968] | INFO  |   +-----------------------------------------+-----------------------------------------+
14:44:09:231 [17968] | INFO  |   | Name                                    | Value                                   |
14:44:09:231 [17968] | INFO  |   +-----------------------------------------+-----------------------------------------+
14:44:09:231 [17968] | INFO  |   | Flags                                   | 0x25                                    |
14:44:09:231 [17968] | INFO  |   | ColorBits                               | 24                                      |
14:44:09:232 [17968] | INFO  |   | DepthBits                               | 16                                      |
14:44:09:232 [17968] | INFO  |   | StencilBits                             | 0                                       |
14:44:09:232 [17968] | INFO  |   +-----------------------------------------+-----------------------------------------+
14:44:09:264 [17968] | INFO  | > Returning pixel format: 9
14:44:09:264 [17968] | INFO  | Redirecting wglSetPixelFormat(hdc = FFFFFFFFC7014ADE, iPixelFormat = 9, ppfd = 000000A4BB97DB80) ...
14:44:09:265 [17968] | INFO  | Redirecting wglCreateContext(hdc = FFFFFFFFC7014ADE) ...
14:44:09:265 [17968] | INFO  | > Passing on to wglCreateLayerContext:
14:44:09:265 [17968] | INFO  | Redirecting wglCreateLayerContext(hdc = FFFFFFFFC7014ADE, iLayerPlane = 0) ...
14:44:09:272 [17968] | INFO  | Searching for add-ons (*.addon) in "D:\GitHub\OpenRA-OW\OpenRA-OW\OpenRA-OW2023-02-25\bin" ...
14:44:09:348 [17968] | INFO  | Running on NVIDIA GeForce RTX 3060 Laptop GPU/PCIe/SSE2 using OpenGL 4.6.0 NVIDIA 537.58
14:44:09:350 [17968] | INFO  | Redirecting wglDeleteContext(hglrc = 0000000000020000) ...
14:44:09:377 [17968] | INFO  | Redirecting wglChoosePixelFormat(hdc = 00000000350150A7, ppfd = 000000A4BB97D8F0) ...
14:44:09:377 [17968] | INFO  | > Dumping pixel format descriptor:
14:44:09:377 [17968] | INFO  |   +-----------------------------------------+-----------------------------------------+
14:44:09:377 [17968] | INFO  |   | Name                                    | Value                                   |
14:44:09:377 [17968] | INFO  |   +-----------------------------------------+-----------------------------------------+
14:44:09:378 [17968] | INFO  |   | Flags                                   | 0x25                                    |
14:44:09:378 [17968] | INFO  |   | ColorBits                               | 24                                      |
14:44:09:378 [17968] | INFO  |   | DepthBits                               | 16                                      |
14:44:09:378 [17968] | INFO  |   | StencilBits                             | 0                                       |
14:44:09:378 [17968] | INFO  |   +-----------------------------------------+-----------------------------------------+
14:44:09:408 [17968] | INFO  | > Returning pixel format: 9
14:44:09:408 [17968] | INFO  | Redirecting wglSetPixelFormat(hdc = 00000000350150A7, iPixelFormat = 9, ppfd = 000000A4BB97D8F0) ...
14:44:09:409 [17968] | INFO  | Redirecting wglCreateContext(hdc = 00000000350150A7) ...
14:44:09:409 [17968] | INFO  | > Passing on to wglCreateLayerContext:
14:44:09:409 [17968] | INFO  | Redirecting wglCreateLayerContext(hdc = 00000000350150A7, iLayerPlane = 0) ...
14:44:09:416 [17968] | INFO  | Searching for add-ons (*.addon) in "D:\GitHub\OpenRA-OW\OpenRA-OW\OpenRA-OW2023-02-25\bin" ...
14:44:09:484 [17968] | INFO  | Running on NVIDIA GeForce RTX 3060 Laptop GPU/PCIe/SSE2 using OpenGL 4.6.0 NVIDIA 537.58
14:44:09:487 [17968] | INFO  | Redirecting wglChoosePixelFormatARB(hdc = 00000000350150A7, piAttribIList = 000000A4BB97DA20, pfAttribFList = 000000A4BB97D9BC, nMaxFormats = 1, piFormats = 000000A4BB97D8E8, nNumFormats = 000000A4BB97D8EC) ...
14:44:09:487 [17968] | INFO  | > Dumping attributes:
14:44:09:487 [17968] | INFO  |   +-----------------------------------------+-----------------------------------------+
14:44:09:487 [17968] | INFO  |   | Attribute                               | Value                                   |
14:44:09:488 [17968] | INFO  |   +-----------------------------------------+-----------------------------------------+
14:44:09:488 [17968] | INFO  |   | WGL_DRAW_TO_WINDOW_ARB                  | TRUE                                    |
14:44:09:488 [17968] | INFO  |   | WGL_RED_BITS_ARB                        | 8                                       |
14:44:09:488 [17968] | INFO  |   | WGL_GREEN_BITS_ARB                      | 8                                       |
14:44:09:488 [17968] | INFO  |   | WGL_BLUE_BITS_ARB                       | 8                                       |
14:44:09:488 [17968] | INFO  |   | WGL_DOUBLE_BUFFER_ARB                   | TRUE                                    |
14:44:09:488 [17968] | INFO  |   | WGL_DEPTH_BITS_ARB                      | 16                                      |
14:44:09:489 [17968] | INFO  |   | WGL_ACCELERATION_ARB                    | 0x2027                                  |
14:44:09:489 [17968] | INFO  |   +-----------------------------------------+-----------------------------------------+
14:44:09:592 [17968] | INFO  | > Returning pixel format(s): 9
14:44:09:593 [17968] | INFO  | Redirecting wglDeleteContext(hglrc = 0000000000030000) ...
14:44:09:598 [17968] | INFO  | Redirecting wglSetPixelFormat(hdc = 0000000006014ADE, iPixelFormat = 9, ppfd = 000000A4BB97D9C0) ...
14:44:09:600 [17968] | INFO  | Redirecting wglCreateContext(hdc = 0000000006014ADE) ...
14:44:09:600 [17968] | INFO  | > Passing on to wglCreateLayerContext:
14:44:09:600 [17968] | INFO  | Redirecting wglCreateLayerContext(hdc = 0000000006014ADE, iLayerPlane = 0) ...
14:44:09:607 [17968] | INFO  | Searching for add-ons (*.addon) in "D:\GitHub\OpenRA-OW\OpenRA-OW\OpenRA-OW2023-02-25\bin" ...
14:44:09:674 [17968] | INFO  | Running on NVIDIA GeForce RTX 3060 Laptop GPU/PCIe/SSE2 using OpenGL 4.6.0 NVIDIA 537.58
14:44:09:676 [17968] | INFO  | Redirecting wglCreateContextAttribsARB(hdc = 0000000006014ADE, hShareContext = 0000000000000000, piAttribList = 000000A4BB97DE00) ...
14:44:09:676 [17968] | INFO  | > Requesting core OpenGL context for version 3.2 ...
14:44:09:676 [17968] | INFO  | > Replacing requested version with 4.3 ...
14:44:09:676 [17968] | INFO  | Redirecting wglCreateLayerContext(hdc = 0000000006014ADE, iLayerPlane = 0) ...
14:44:09:678 [17968] | INFO  | Redirecting wglDeleteContext(hglrc = 0000000000040000) ...
14:44:09:689 [17968] | INFO  | Searching for add-ons (*.addon) in "D:\GitHub\OpenRA-OW\OpenRA-OW\OpenRA-OW2023-02-25\bin" ...
14:44:09:758 [17968] | INFO  | Running on NVIDIA GeForce RTX 3060 Laptop GPU/PCIe/SSE2 using OpenGL 4.6.0 NVIDIA 537.58
14:44:09:760 [17968] | INFO  | Redirecting wglDeleteContext(hglrc = 0000000000010001) ...
14:44:09:771 [17968] | INFO  | Redirecting RegisterClassExW(lpWndClassEx = 000000A4BB97DB30 { "SDL_app", style = 0x1020 }) ...
14:44:09:784 [17968] | INFO  | Redirecting wglChoosePixelFormat(hdc = 000000004C0150BF, ppfd = 000000A4BB97DB80) ...
14:44:09:785 [17968] | INFO  | > Dumping pixel format descriptor:
14:44:09:785 [17968] | INFO  |   +-----------------------------------------+-----------------------------------------+
14:44:09:785 [17968] | INFO  |   | Name                                    | Value                                   |
14:44:09:785 [17968] | INFO  |   +-----------------------------------------+-----------------------------------------+
14:44:09:785 [17968] | INFO  |   | Flags                                   | 0x25                                    |
14:44:09:785 [17968] | INFO  |   | ColorBits                               | 24                                      |
14:44:09:786 [17968] | INFO  |   | DepthBits                               | 16                                      |
14:44:09:786 [17968] | INFO  |   | StencilBits                             | 0                                       |
14:44:09:786 [17968] | INFO  |   +-----------------------------------------+-----------------------------------------+
14:44:09:845 [17968] | INFO  | > Returning pixel format: 9
14:44:09:845 [17968] | INFO  | Redirecting wglSetPixelFormat(hdc = 000000004C0150BF, iPixelFormat = 9, ppfd = 000000A4BB97DB80) ...
14:44:09:846 [17968] | INFO  | Redirecting wglCreateContext(hdc = 000000004C0150BF) ...
14:44:09:846 [17968] | INFO  | > Passing on to wglCreateLayerContext:
14:44:09:846 [17968] | INFO  | Redirecting wglCreateLayerContext(hdc = 000000004C0150BF, iLayerPlane = 0) ...
14:44:09:854 [17968] | INFO  | Searching for add-ons (*.addon) in "D:\GitHub\OpenRA-OW\OpenRA-OW\OpenRA-OW2023-02-25\bin" ...
14:44:09:923 [17968] | INFO  | Running on NVIDIA GeForce RTX 3060 Laptop GPU/PCIe/SSE2 using OpenGL 4.6.0 NVIDIA 537.58
14:44:09:927 [17968] | INFO  | Redirecting wglDeleteContext(hglrc = 0000000000020001) ...
14:44:09:953 [17968] | INFO  | Redirecting wglChoosePixelFormat(hdc = FFFFFFFFB9015178, ppfd = 000000A4BB97D8F0) ...
14:44:09:954 [17968] | INFO  | > Dumping pixel format descriptor:
14:44:09:954 [17968] | INFO  |   +-----------------------------------------+-----------------------------------------+
14:44:09:954 [17968] | INFO  |   | Name                                    | Value                                   |
14:44:09:954 [17968] | INFO  |   +-----------------------------------------+-----------------------------------------+
14:44:09:954 [17968] | INFO  |   | Flags                                   | 0x25                                    |
14:44:09:955 [17968] | INFO  |   | ColorBits                               | 24                                      |
14:44:09:955 [17968] | INFO  |   | DepthBits                               | 16                                      |
14:44:09:955 [17968] | INFO  |   | StencilBits                             | 0                                       |
14:44:09:955 [17968] | INFO  |   +-----------------------------------------+-----------------------------------------+
14:44:09:984 [17968] | INFO  | > Returning pixel format: 9
14:44:09:985 [17968] | INFO  | Redirecting wglSetPixelFormat(hdc = FFFFFFFFB9015178, iPixelFormat = 9, ppfd = 000000A4BB97D8F0) ...
14:44:09:985 [17968] | INFO  | Redirecting wglCreateContext(hdc = FFFFFFFFB9015178) ...
14:44:09:986 [17968] | INFO  | > Passing on to wglCreateLayerContext:
14:44:09:986 [17968] | INFO  | Redirecting wglCreateLayerContext(hdc = FFFFFFFFB9015178, iLayerPlane = 0) ...
14:44:09:993 [17968] | INFO  | Searching for add-ons (*.addon) in "D:\GitHub\OpenRA-OW\OpenRA-OW\OpenRA-OW2023-02-25\bin" ...
14:44:10:060 [17968] | INFO  | Running on NVIDIA GeForce RTX 3060 Laptop GPU/PCIe/SSE2 using OpenGL 4.6.0 NVIDIA 537.58
14:44:10:061 [17968] | INFO  | Redirecting wglChoosePixelFormatARB(hdc = FFFFFFFFB9015178, piAttribIList = 000000A4BB97DA20, pfAttribFList = 000000A4BB97D9BC, nMaxFormats = 1, piFormats = 000000A4BB97D8E8, nNumFormats = 000000A4BB97D8EC) ...
14:44:10:061 [17968] | INFO  | > Dumping attributes:
14:44:10:062 [17968] | INFO  |   +-----------------------------------------+-----------------------------------------+
14:44:10:062 [17968] | INFO  |   | Attribute                               | Value                                   |
14:44:10:062 [17968] | INFO  |   +-----------------------------------------+-----------------------------------------+
14:44:10:062 [17968] | INFO  |   | WGL_DRAW_TO_WINDOW_ARB                  | TRUE                                    |
14:44:10:062 [17968] | INFO  |   | WGL_RED_BITS_ARB                        | 8                                       |
14:44:10:063 [17968] | INFO  |   | WGL_GREEN_BITS_ARB                      | 8                                       |
14:44:10:063 [17968] | INFO  |   | WGL_BLUE_BITS_ARB                       | 8                                       |
14:44:10:063 [17968] | INFO  |   | WGL_DOUBLE_BUFFER_ARB                   | TRUE                                    |
14:44:10:063 [17968] | INFO  |   | WGL_DEPTH_BITS_ARB                      | 16                                      |
14:44:10:063 [17968] | INFO  |   | WGL_ACCELERATION_ARB                    | 0x2027                                  |
14:44:10:063 [17968] | INFO  |   +-----------------------------------------+-----------------------------------------+
14:44:10:163 [17968] | INFO  | > Returning pixel format(s): 9
14:44:10:164 [17968] | INFO  | Redirecting wglDeleteContext(hglrc = 0000000000030001) ...
14:44:10:170 [17968] | INFO  | Redirecting wglSetPixelFormat(hdc = FFFFFFFF8B0150BF, iPixelFormat = 9, ppfd = 000000A4BB97D9C0) ...
14:44:10:171 [17968] | INFO  | Redirecting wglCreateContext(hdc = FFFFFFFF8B0150BF) ...
14:44:10:171 [17968] | INFO  | > Passing on to wglCreateLayerContext:
14:44:10:171 [17968] | INFO  | Redirecting wglCreateLayerContext(hdc = FFFFFFFF8B0150BF, iLayerPlane = 0) ...
14:44:10:179 [17968] | INFO  | Searching for add-ons (*.addon) in "D:\GitHub\OpenRA-OW\OpenRA-OW\OpenRA-OW2023-02-25\bin" ...
14:44:10:247 [17968] | INFO  | Running on NVIDIA GeForce RTX 3060 Laptop GPU/PCIe/SSE2 using OpenGL 4.6.0 NVIDIA 537.58
14:44:10:250 [17968] | INFO  | Redirecting wglCreateContextAttribsARB(hdc = FFFFFFFF8B0150BF, hShareContext = 0000000000000000, piAttribList = 000000A4BB97DE00) ...
14:44:10:250 [17968] | INFO  | > Requesting compatibility OpenGL context for version 3.0 ...
14:44:10:250 [17968] | INFO  | > Replacing requested version with 4.3 ...
14:44:10:251 [17968] | INFO  | Redirecting wglCreateLayerContext(hdc = FFFFFFFF8B0150BF, iLayerPlane = 0) ...
14:44:10:252 [17968] | INFO  | Redirecting wglDeleteContext(hglrc = 0000000000040001) ...
14:44:10:261 [17968] | INFO  | Searching for add-ons (*.addon) in "D:\GitHub\OpenRA-OW\OpenRA-OW\OpenRA-OW2023-02-25\bin" ...
14:44:10:327 [17968] | INFO  | Running on NVIDIA GeForce RTX 3060 Laptop GPU/PCIe/SSE2 using OpenGL 4.6.0 NVIDIA 537.58
14:44:10:329 [17968] | INFO  | Redirecting wglDeleteContext(hglrc = 0000000000050000) ...
14:44:10:340 [17968] | INFO  | Redirecting RegisterClassExW(lpWndClassEx = 000000A4BB97DCC0 { "SDL_app", style = 0x1020 }) ...
14:44:10:357 [17968] | INFO  | Redirecting wglChoosePixelFormat(hdc = 00000000500150A7, ppfd = 000000A4BB97DDC0) ...
14:44:10:357 [17968] | INFO  | > Dumping pixel format descriptor:
14:44:10:357 [17968] | INFO  |   +-----------------------------------------+-----------------------------------------+
14:44:10:357 [17968] | INFO  |   | Name                                    | Value                                   |
14:44:10:357 [17968] | INFO  |   +-----------------------------------------+-----------------------------------------+
14:44:10:358 [17968] | INFO  |   | Flags                                   | 0x25                                    |
14:44:10:358 [17968] | INFO  |   | ColorBits                               | 24                                      |
14:44:10:358 [17968] | INFO  |   | DepthBits                               | 16                                      |
14:44:10:358 [17968] | INFO  |   | StencilBits                             | 0                                       |
14:44:10:358 [17968] | INFO  |   +-----------------------------------------+-----------------------------------------+
14:44:10:400 [17968] | INFO  | > Returning pixel format: 9
14:44:10:400 [17968] | INFO  | Redirecting wglSetPixelFormat(hdc = 00000000500150A7, iPixelFormat = 9, ppfd = 000000A4BB97DDC0) ...
14:44:10:401 [17968] | INFO  | Redirecting wglCreateContext(hdc = 00000000500150A7) ...
14:44:10:401 [17968] | INFO  | > Passing on to wglCreateLayerContext:
14:44:10:401 [17968] | INFO  | Redirecting wglCreateLayerContext(hdc = 00000000500150A7, iLayerPlane = 0) ...
14:44:10:408 [17968] | INFO  | Searching for add-ons (*.addon) in "D:\GitHub\OpenRA-OW\OpenRA-OW\OpenRA-OW2023-02-25\bin" ...
14:44:10:480 [17968] | INFO  | Running on NVIDIA GeForce RTX 3060 Laptop GPU/PCIe/SSE2 using OpenGL 4.6.0 NVIDIA 537.58
14:44:10:483 [17968] | INFO  | Redirecting wglDeleteContext(hglrc = 0000000000060000) ...
14:44:10:507 [17968] | INFO  | Redirecting wglChoosePixelFormat(hdc = FFFFFFFF880150A7, ppfd = 000000A4BB97DB30) ...
14:44:10:507 [17968] | INFO  | > Dumping pixel format descriptor:
14:44:10:507 [17968] | INFO  |   +-----------------------------------------+-----------------------------------------+
14:44:10:507 [17968] | INFO  |   | Name                                    | Value                                   |
14:44:10:507 [17968] | INFO  |   +-----------------------------------------+-----------------------------------------+
14:44:10:507 [17968] | INFO  |   | Flags                                   | 0x25                                    |
14:44:10:508 [17968] | INFO  |   | ColorBits                               | 24                                      |
14:44:10:508 [17968] | INFO  |   | DepthBits                               | 16                                      |
14:44:10:508 [17968] | INFO  |   | StencilBits                             | 0                                       |
14:44:10:508 [17968] | INFO  |   +-----------------------------------------+-----------------------------------------+
14:44:10:538 [17968] | INFO  | > Returning pixel format: 9
14:44:10:538 [17968] | INFO  | Redirecting wglSetPixelFormat(hdc = FFFFFFFF880150A7, iPixelFormat = 9, ppfd = 000000A4BB97DB30) ...
14:44:10:539 [17968] | INFO  | Redirecting wglCreateContext(hdc = FFFFFFFF880150A7) ...
14:44:10:539 [17968] | INFO  | > Passing on to wglCreateLayerContext:
14:44:10:539 [17968] | INFO  | Redirecting wglCreateLayerContext(hdc = FFFFFFFF880150A7, iLayerPlane = 0) ...
14:44:10:545 [17968] | INFO  | Searching for add-ons (*.addon) in "D:\GitHub\OpenRA-OW\OpenRA-OW\OpenRA-OW2023-02-25\bin" ...
14:44:10:612 [17968] | INFO  | Running on NVIDIA GeForce RTX 3060 Laptop GPU/PCIe/SSE2 using OpenGL 4.6.0 NVIDIA 537.58
14:44:10:613 [17968] | INFO  | Redirecting wglChoosePixelFormatARB(hdc = FFFFFFFF880150A7, piAttribIList = 000000A4BB97DC60, pfAttribFList = 000000A4BB97DBFC, nMaxFormats = 1, piFormats = 000000A4BB97DB28, nNumFormats = 000000A4BB97DB2C) ...
14:44:10:614 [17968] | INFO  | > Dumping attributes:
14:44:10:614 [17968] | INFO  |   +-----------------------------------------+-----------------------------------------+
14:44:10:614 [17968] | INFO  |   | Attribute                               | Value                                   |
14:44:10:614 [17968] | INFO  |   +-----------------------------------------+-----------------------------------------+
14:44:10:614 [17968] | INFO  |   | WGL_DRAW_TO_WINDOW_ARB                  | TRUE                                    |
14:44:10:614 [17968] | INFO  |   | WGL_RED_BITS_ARB                        | 8                                       |
14:44:10:615 [17968] | INFO  |   | WGL_GREEN_BITS_ARB                      | 8                                       |
14:44:10:615 [17968] | INFO  |   | WGL_BLUE_BITS_ARB                       | 8                                       |
14:44:10:615 [17968] | INFO  |   | WGL_DOUBLE_BUFFER_ARB                   | TRUE                                    |
14:44:10:615 [17968] | INFO  |   | WGL_DEPTH_BITS_ARB                      | 16                                      |
14:44:10:615 [17968] | INFO  |   | WGL_ACCELERATION_ARB                    | 0x2027                                  |
14:44:10:615 [17968] | INFO  |   +-----------------------------------------+-----------------------------------------+
14:44:10:738 [17968] | INFO  | > Returning pixel format(s): 9
14:44:10:738 [17968] | INFO  | Redirecting wglDeleteContext(hglrc = 0000000000070000) ...
14:44:10:743 [17968] | INFO  | Redirecting wglSetPixelFormat(hdc = FFFFFFFFBF014402, iPixelFormat = 9, ppfd = 000000A4BB97DC00) ...
14:44:10:755 [30448] | INFO  | Redirecting RegisterClassW(lpWndClass = 000000A4BD77FB20 { "ShellHandwritingWorkerWindowClass", style = 0 }) ...
14:44:10:780 [17968] | INFO  | Redirecting wglCreateContext(hdc = FFFFFFFFBF014402) ...
14:44:10:780 [17968] | INFO  | > Passing on to wglCreateLayerContext:
14:44:10:780 [17968] | INFO  | Redirecting wglCreateLayerContext(hdc = FFFFFFFFBF014402, iLayerPlane = 0) ...
14:44:10:793 [17968] | INFO  | Searching for add-ons (*.addon) in "D:\GitHub\OpenRA-OW\OpenRA-OW\OpenRA-OW2023-02-25\bin" ...
14:44:10:861 [17968] | INFO  | Running on NVIDIA GeForce RTX 3060 Laptop GPU/PCIe/SSE2 using OpenGL 4.6.0 NVIDIA 537.58
14:44:10:863 [17968] | INFO  | Redirecting wglCreateContextAttribsARB(hdc = FFFFFFFFBF014402, hShareContext = 0000000000000000, piAttribList = 000000A4BB97DF60) ...
14:44:10:863 [17968] | INFO  | > Requesting core OpenGL context for version 3.2 ...
14:44:10:863 [17968] | INFO  | > Replacing requested version with 4.3 ...
14:44:10:863 [17968] | INFO  | Redirecting wglCreateLayerContext(hdc = FFFFFFFFBF014402, iLayerPlane = 0) ...
14:44:10:864 [17968] | INFO  | Redirecting wglDeleteContext(hglrc = 0000000000080000) ...
14:44:10:872 [17968] | INFO  | Searching for add-ons (*.addon) in "D:\GitHub\OpenRA-OW\OpenRA-OW\OpenRA-OW2023-02-25\bin" ...
14:44:10:937 [17968] | INFO  | Running on NVIDIA GeForce RTX 3060 Laptop GPU/PCIe/SSE2 using OpenGL 4.6.0 NVIDIA 537.58
14:44:11:446 [19716] | INFO  | Successfully compiled "D:\GitHub\OpenRA-OW\OpenRA-OW\OpenRA-OW2023-02-25\bin\reshade-shaders\Shaders\3DFX.fx".
14:44:11:575 [26164] | INFO  | Successfully compiled "D:\GitHub\OpenRA-OW\OpenRA-OW\OpenRA-OW2023-02-25\bin\reshade-shaders\Shaders\CRT-Royale\crt-royale.fx".
14:44:12:865 [17968] | INFO  | Loading image files for textures ...
15:01:30:463 [17968] | INFO  | Redirecting wglDeleteContext(hglrc = 0000000000050001) ...
15:01:30:695 [17968] | INFO  | Exiting ...
15:01:30:696 [17968] | INFO  | Uninstalling 521 hook(s) ...
15:01:31:777 [17968] | INFO  | Finished exiting.
